<?xml version="1.0" encoding="UTF-8"?>
<testng-results ignored="0" total="1" passed="1" failed="0" skipped="0">
  <reporter-output>
  </reporter-output>
  <suite started-at="2021-05-18T22:19:01 EDT" name="Default suite" finished-at="2021-05-18T22:19:23 EDT" duration-ms="21873">
    <groups>
    </groups>
    <test started-at="2021-05-18T22:19:01 EDT" name="Default test" finished-at="2021-05-18T22:19:23 EDT" duration-ms="21873">
      <class name="kdf.Application">
        <test-method signature="verifyInvalidLogin()[pri:0, instance:kdf.Application@59af0466]" started-at="2021-05-18T22:19:01 EDT" name="verifyInvalidLogin" finished-at="2021-05-18T22:19:23 EDT" duration-ms="21813" status="PASS">
          <reporter-output>
          </reporter-output>
        </test-method> <!-- verifyInvalidLogin -->
      </class> <!-- kdf.Application -->
    </test> <!-- Default test -->
  </suite> <!-- Default suite -->
</testng-results>
