<?xml version="1.0" encoding="UTF-8"?>
<testng-results ignored="0" total="1" passed="1" failed="0" skipped="0">
  <reporter-output>
  </reporter-output>
  <suite started-at="2021-05-18T23:08:14 EDT" name="Suite" finished-at="2021-05-18T23:08:36 EDT" duration-ms="22603">
    <groups>
    </groups>
    <test started-at="2021-05-18T23:08:14 EDT" name="Test" finished-at="2021-05-18T23:08:36 EDT" duration-ms="22603">
      <class name="kdf.Application">
        <test-method signature="verifyInvalidLogin()[pri:0, instance:kdf.Application@59af0466]" started-at="2021-05-18T23:08:14 EDT" name="verifyInvalidLogin" finished-at="2021-05-18T23:08:36 EDT" duration-ms="22541" status="PASS">
          <reporter-output>
          </reporter-output>
        </test-method> <!-- verifyInvalidLogin -->
      </class> <!-- kdf.Application -->
    </test> <!-- Test -->
  </suite> <!-- Suite -->
</testng-results>
